cubeRamp/Library/Bee/Android/Prj/IL2CPP/Gradle/unityLibrary/build/intermediates/manifest_merge_blame_file/debug/manifest-merger-blame-debug-report.txt
1<?xml version="1.0" encoding="utf-8"?>
2<manifest xmlns:android="http://schemas.android.com/apk/res/android"
3    xmlns:tools="http://schemas.android.com/tools"
4    package="com.unity3d.player"
5    android:installLocation="auto" >
6
7    <uses-sdk
8        android:minSdkVersion="29"
8-->src\main\AndroidManifest.xml
9        android:targetSdkVersion="32" />
9-->src\main\AndroidManifest.xml
10
11    <uses-permission android:name="android.permission.INTERNET" />
11-->src\main\AndroidManifest.xml:3:3-65
11-->src\main\AndroidManifest.xml:3:20-62
12    <uses-permission android:name="android.permission.ACCESS_NETWORK_STATE" />
12-->src\main\AndroidManifest.xml:4:3-77
12-->src\main\AndroidManifest.xml:4:20-74
13    <uses-permission android:name="android.permission.RECORD_AUDIO" />
13-->src\main\AndroidManifest.xml:5:3-69
13-->src\main\AndroidManifest.xml:5:20-66
14    <uses-permission android:name="android.permission.MODIFY_AUDIO_SETTINGS" />
14-->src\main\AndroidManifest.xml:6:3-78
14-->src\main\AndroidManifest.xml:6:20-75
15
16    <uses-feature android:glEsVersion="0x00030000" />
16-->src\main\AndroidManifest.xml:7:3-52
16-->src\main\AndroidManifest.xml:7:17-49
17    <uses-feature
17-->src\main\AndroidManifest.xml:8:3-91
18        android:name="android.hardware.vulkan.version"
18-->src\main\AndroidManifest.xml:8:17-63
19        android:required="false" />
19-->src\main\AndroidManifest.xml:8:64-88
20    <uses-feature
20-->src\main\AndroidManifest.xml:9:3-87
21        android:name="android.hardware.microphone"
21-->src\main\AndroidManifest.xml:9:17-59
22        android:required="false" />
22-->src\main\AndroidManifest.xml:9:60-84
23    <uses-feature
23-->src\main\AndroidManifest.xml:10:3-88
24        android:name="android.hardware.touchscreen"
24-->src\main\AndroidManifest.xml:10:17-60
25        android:required="false" />
25-->src\main\AndroidManifest.xml:10:61-85
26    <uses-feature
26-->src\main\AndroidManifest.xml:11:3-99
27        android:name="android.hardware.touchscreen.multitouch"
27-->src\main\AndroidManifest.xml:11:17-71
28        android:required="false" />
28-->src\main\AndroidManifest.xml:11:72-96
29    <uses-feature
29-->src\main\AndroidManifest.xml:12:3-108
30        android:name="android.hardware.touchscreen.multitouch.distinct"
30-->src\main\AndroidManifest.xml:12:17-80
31        android:required="false" />
31-->src\main\AndroidManifest.xml:12:81-105
32    <uses-feature
32-->src\main\AndroidManifest.xml:37:3-111
33        android:name="android.hardware.vr.headtracking"
33-->src\main\AndroidManifest.xml:37:17-64
34        android:required="true"
34-->src\main\AndroidManifest.xml:37:85-108
35        android:version="1" />
35-->src\main\AndroidManifest.xml:37:65-84
36    <uses-feature
36-->src\main\AndroidManifest.xml:38:3-87
37        android:name="oculus.software.handtracking"
37-->src\main\AndroidManifest.xml:38:17-60
38        android:required="true" />
38-->src\main\AndroidManifest.xml:38:61-84
39
40    <uses-permission android:name="com.oculus.permission.HAND_TRACKING" />
40-->src\main\AndroidManifest.xml:39:3-73
40-->src\main\AndroidManifest.xml:39:20-70
41
42    <application
42-->src\main\AndroidManifest.xml:13:3-36:17
43        android:allowBackup="false"
43-->src\main\AndroidManifest.xml:13:114-141
44        android:extractNativeLibs="true"
44-->src\main\AndroidManifest.xml:13:16-48
45        android:icon="@mipmap/app_icon"
45-->src\main\AndroidManifest.xml:13:82-113
46        android:label="@string/app_name"
46-->src\main\AndroidManifest.xml:13:49-81
47        android:networkSecurityConfig="@xml/network_sec_config" >
47-->src\main\AndroidManifest.xml:13:142-197
48        <meta-data
48-->src\main\AndroidManifest.xml:14:5-69
49            android:name="unity.splash-mode"
49-->src\main\AndroidManifest.xml:14:16-48
50            android:value="0" />
50-->src\main\AndroidManifest.xml:14:49-66
51        <meta-data
51-->src\main\AndroidManifest.xml:15:5-74
52            android:name="unity.splash-enable"
52-->src\main\AndroidManifest.xml:15:16-50
53            android:value="True" />
53-->src\main\AndroidManifest.xml:15:51-71
54        <meta-data
54-->src\main\AndroidManifest.xml:16:5-78
55            android:name="unity.launch-fullscreen"
55-->src\main\AndroidManifest.xml:16:16-54
56            android:value="True" />
56-->src\main\AndroidManifest.xml:16:55-75
57        <meta-data
57-->src\main\AndroidManifest.xml:17:5-84
58            android:name="unity.allow-resizable-window"
58-->src\main\AndroidManifest.xml:17:16-59
59            android:value="False" />
59-->src\main\AndroidManifest.xml:17:60-81
60        <meta-data
60-->src\main\AndroidManifest.xml:18:5-81
61            android:name="notch.config"
61-->src\main\AndroidManifest.xml:18:16-43
62            android:value="portrait|landscape" />
62-->src\main\AndroidManifest.xml:18:44-78
63        <meta-data
63-->src\main\AndroidManifest.xml:19:5-84
64            android:name="unity.auto-report-fully-drawn"
64-->src\main\AndroidManifest.xml:19:16-60
65            android:value="true" />
65-->src\main\AndroidManifest.xml:19:61-81
66
67        <activity
67-->src\main\AndroidManifest.xml:20:5-29:16
68            android:name="com.unity3d.player.UnityPlayerActivity"
68-->src\main\AndroidManifest.xml:20:15-68
69            android:configChanges="keyboard|keyboardHidden|navigation|orientation|screenLayout|screenSize|uiMode|density"
69-->src\main\AndroidManifest.xml:20:204-313
70            android:exported="true"
70-->src\main\AndroidManifest.xml:20:385-408
71            android:hardwareAccelerated="false"
71-->src\main\AndroidManifest.xml:20:349-384
72            android:launchMode="singleTask"
72-->src\main\AndroidManifest.xml:20:172-203
73            android:resizeableActivity="false"
73-->src\main\AndroidManifest.xml:20:314-348
74            android:screenOrientation="landscape"
74-->src\main\AndroidManifest.xml:20:134-171
75            android:theme="@android:style/Theme.Black.NoTitleBar.Fullscreen" >
75-->src\main\AndroidManifest.xml:20:69-133
76            <intent-filter>
76-->src\main\AndroidManifest.xml:21:7-25:23
77                <category android:name="android.intent.category.LAUNCHER" />
77-->src\main\AndroidManifest.xml:22:9-69
77-->src\main\AndroidManifest.xml:22:19-66
78
79                <action android:name="android.intent.action.MAIN" />
79-->src\main\AndroidManifest.xml:23:9-61
79-->src\main\AndroidManifest.xml:23:17-58
80
81                <category android:name="com.oculus.intent.category.VR" />
81-->src\main\AndroidManifest.xml:24:9-66
81-->src\main\AndroidManifest.xml:24:19-63
82            </intent-filter>
83
84            <meta-data
84-->src\main\AndroidManifest.xml:26:7-82
85                android:name="unityplayer.UnityActivity"
85-->src\main\AndroidManifest.xml:26:18-58
86                android:value="true" />
86-->src\main\AndroidManifest.xml:26:59-79
87            <meta-data
87-->src\main\AndroidManifest.xml:27:7-70
88                android:name="notch_support"
88-->src\main\AndroidManifest.xml:27:18-46
89                android:value="true" />
89-->src\main\AndroidManifest.xml:27:47-67
90            <meta-data
90-->src\main\AndroidManifest.xml:28:7-81
91                android:name="com.oculus.vr.focusaware"
91-->src\main\AndroidManifest.xml:28:18-57
92                android:value="true" />
92-->src\main\AndroidManifest.xml:28:58-78
93        </activity>
94
95        <meta-data
95-->src\main\AndroidManifest.xml:30:5-87
96            android:name="com.oculus.handtracking.frequency"
96-->src\main\AndroidManifest.xml:30:16-64
97            android:value="LOW" />
97-->src\main\AndroidManifest.xml:30:65-84
98        <meta-data
98-->src\main\AndroidManifest.xml:31:5-97
99            android:name="com.samsung.android.vr.application.mode"
99-->src\main\AndroidManifest.xml:31:16-70
100            android:value="vr_only" />
100-->src\main\AndroidManifest.xml:31:71-94
101        <meta-data
101-->src\main\AndroidManifest.xml:32:5-91
102            android:name="com.unity.xr.oculus.LowOverheadMode"
102-->src\main\AndroidManifest.xml:32:16-66
103            android:value="false" />
103-->src\main\AndroidManifest.xml:32:67-88
104        <meta-data
104-->src\main\AndroidManifest.xml:33:5-88
105            android:name="com.unity.xr.oculus.LateLatching"
105-->src\main\AndroidManifest.xml:33:16-63
106            android:value="false" />
106-->src\main\AndroidManifest.xml:33:64-85
107        <meta-data
107-->src\main\AndroidManifest.xml:34:5-93
108            android:name="com.unity.xr.oculus.LateLatchingDebug"
108-->src\main\AndroidManifest.xml:34:16-68
109            android:value="false" />
109-->src\main\AndroidManifest.xml:34:69-90
110        <meta-data
110-->src\main\AndroidManifest.xml:35:5-84
111            android:name="com.oculus.supportedDevices"
111-->src\main\AndroidManifest.xml:35:16-58
112            android:value="quest2" />
112-->src\main\AndroidManifest.xml:35:59-81
113    </application>
114
115</manifest>